<?xml version="1.0" encoding="UTF-8"?>
<!-- Generated by org.testng.reporters.JUnitReportReporter -->
<testsuite hostname="PRANAYRAM" failures="0" tests="7" name="tests.LoanCalPage_Tests" time="237.857" errors="0" timestamp="2020-06-15T00:12:05 IST" skipped="0">
  <testcase classname="tests.LoanCalPage_Tests" name="opening_LoanCalPage_Test" time="38.012"/>
  <system-out/>
  <testcase classname="tests.LoanCalPage_Tests" name="LoanCal_LoanAmountTextbox_Test" time="46.412"/>
  <system-out/>
  <testcase classname="tests.LoanCalPage_Tests" name="LoanCal_InterestRateTextbox_Test" time="31.489"/>
  <system-out/>
  <testcase classname="tests.LoanCalPage_Tests" name="LoanCal_TenureTextbox_Test" time="27.542"/>
  <system-out/>
  <testcase classname="tests.LoanCalPage_Tests" name="LoanCal_FeesandChargesTextbox_Test" time="25.563"/>
  <system-out/>
  <testcase classname="tests.LoanCalPage_Tests" name="LoanCal_EMITextbox_Test" time="36.077"/>
  <system-out/>
  <testcase classname="tests.LoanCalPage_Tests" name="LoanCal_LoanAmountTextbox_TestIn" time="32.762"/>
  <system-out/>
</testsuite> <!-- tests.LoanCalPage_Tests -->
