<?xml version="1.0" encoding="UTF-8"?>
<!-- Generated by org.testng.reporters.JUnitReportReporter -->
<testsuite hostname="PRANAYRAM" failures="0" tests="9" name="tests.HomeLoanPage_Tests" time="213.013" errors="0" timestamp="2020-06-15T00:12:05 IST" skipped="0">
  <testcase classname="tests.HomeLoanPage_Tests" name="opening_HomeLoanPage_Test" time="26.544"/>
  <system-out/>
  <testcase classname="tests.HomeLoanPage_Tests" name="HomeLoanPage_HVTextbox_Test" time="22.800"/>
  <system-out/>
  <testcase classname="tests.HomeLoanPage_Tests" name="HomeLoanPage_DPTextbox_Test" time="18.188"/>
  <system-out/>
  <testcase classname="tests.HomeLoanPage_Tests" name="HomeLoanPage_LITextbox_Test" time="26.377"/>
  <system-out/>
  <testcase classname="tests.HomeLoanPage_Tests" name="HomeLoanPage_IRTextbox_Test" time="22.761"/>
  <system-out/>
  <testcase classname="tests.HomeLoanPage_Tests" name="HomeLoanPage_LTTextbox_Test" time="21.486"/>
  <system-out/>
  <testcase classname="tests.HomeLoanPage_Tests" name="HomeLoanPage_LFeesTextbox_Test" time="22.890"/>
  <system-out/>
  <testcase classname="tests.HomeLoanPage_Tests" name="HomeLoanPage_HVTextbox_TestIn" time="22.854"/>
  <system-out/>
  <testcase classname="tests.HomeLoanPage_Tests" name="Exporting_Data_To_Excel" time="29.113"/>
  <system-out/>
</testsuite> <!-- tests.HomeLoanPage_Tests -->
