<?xml version="1.0" encoding="UTF-8"?>
<!-- Generated by org.testng.reporters.JUnitReportReporter -->
<testsuite hostname="PRANAYRAM" failures="0" tests="10" name="tests.Homepage_Tests" time="173.168" errors="0" timestamp="2020-06-15T00:12:05 IST" skipped="0">
  <testcase classname="tests.Homepage_Tests" name="openingHomePageTest" time="17.274"/>
  <system-out/>
  <testcase classname="tests.Homepage_Tests" name="CarLoan_Button_Click_Test" time="14.281"/>
  <system-out/>
  <testcase classname="tests.Homepage_Tests" name="Car_LoanAmount_Textbox" time="10.604"/>
  <system-out/>
  <testcase classname="tests.Homepage_Tests" name="Car_LoanInterest_Textbox" time="13.653"/>
  <system-out/>
  <testcase classname="tests.Homepage_Tests" name="Car_LoanTenureYr_Textbox" time="16.826"/>
  <system-out/>
  <testcase classname="tests.Homepage_Tests" name="Car_LoanTenureMn_Textbox" time="13.930"/>
  <system-out/>
  <testcase classname="tests.Homepage_Tests" name="Printing_AmountandInterest" time="19.000"/>
  <system-out/>
  <testcase classname="tests.Homepage_Tests" name="Car_LoanAmount_TextboxIn" time="28.189"/>
  <system-out/>
  <testcase classname="tests.Homepage_Tests" name="Car_LoanInterest_TextboxIn" time="19.380"/>
  <system-out/>
  <testcase classname="tests.Homepage_Tests" name="Car_LoanTenureYr_TextboxIn" time="20.031"/>
  <system-out/>
</testsuite> <!-- tests.Homepage_Tests -->
