<?xml version="1.0" encoding="UTF-8"?>
<!-- Generated by org.testng.reporters.JUnitReportReporter -->
<testsuite hostname="PRANAYRAM" failures="0" tests="2" name="tests.Homepage_Tests" time="53.919" errors="0" timestamp="14 Jun 2020 09:51:53 GMT" skipped="0">
  <testcase classname="tests.Homepage_Tests" name="openingHomePageTest" time="32.329"/>
  <testcase classname="tests.Homepage_Tests" name="CarLoan_Button_Click_Test" time="21.590"/>
</testsuite> <!-- tests.Homepage_Tests -->
